<?xml version="1.0" encoding="UTF-8"?>
<robot generator="Robot 3.2.2 (Python 3.7.1 on win32)" generated="20220926 09:24:55.745" rpa="false">
<suite id="s1" name="TC-002-EditPatient" source="C:\Users\k.mennat_extern\eclipse\LAP-eclipse\workspace\LAP-IRIS-TA\TestCases\TC-002-EditPatient.robot">
<test id="s1-t1" name="TC-001-Login">
<kw name="Open Browser and Login" library="Keywords" type="setup">
<kw name="Open Browser" library="SeleniumLibrary">
<doc>Opens a new browser instance to the optional ``url``.</doc>
<arguments>
<arg>https://nb-0447:444/</arg>
<arg>chrome</arg>
</arguments>
<msg timestamp="20220926 09:24:55.932" level="INFO">Opening browser 'chrome' to base url 'https://nb-0447:444/'.</msg>
<status status="PASS" starttime="20220926 09:24:55.931" endtime="20220926 09:24:57.604"></status>
</kw>
<kw name="Maximize Browser Window" library="SeleniumLibrary">
<doc>Maximizes current browser window.</doc>
<status status="PASS" starttime="20220926 09:24:57.604" endtime="20220926 09:24:57.743"></status>
</kw>
<kw name="Input Text" library="SeleniumLibrary">
<doc>Types the given ``text`` into the text field identified by ``locator``.</doc>
<arguments>
<arg>${txt_loginUserName}</arg>
<arg>j.doe</arg>
</arguments>
<msg timestamp="20220926 09:24:57.744" level="INFO">Typing text 'j.doe' into text field 'id:mat-input-0'.</msg>
<status status="PASS" starttime="20220926 09:24:57.743" endtime="20220926 09:24:57.832"></status>
</kw>
<kw name="Input Text" library="SeleniumLibrary">
<doc>Types the given ``text`` into the text field identified by ``locator``.</doc>
<arguments>
<arg>${txt_loginPassword}</arg>
<arg>Password1#</arg>
</arguments>
<msg timestamp="20220926 09:24:57.832" level="INFO">Typing text 'Password1#' into text field 'id:mat-input-1'.</msg>
<status status="PASS" starttime="20220926 09:24:57.832" endtime="20220926 09:24:57.931"></status>
</kw>
<kw name="Click Element" library="SeleniumLibrary">
<doc>Click the element identified by ``locator``.</doc>
<arguments>
<arg>${btn_signIn}</arg>
</arguments>
<msg timestamp="20220926 09:24:57.932" level="INFO">Clicking element 'class:mat-button-wrapper'.</msg>
<status status="PASS" starttime="20220926 09:24:57.932" endtime="20220926 09:24:57.978"></status>
</kw>
<kw name="Title Should Be" library="SeleniumLibrary">
<doc>Verifies that the current page title equals ``title``.</doc>
<arguments>
<arg>CentralServer</arg>
</arguments>
<msg timestamp="20220926 09:24:57.985" level="INFO">Page title is 'CentralServer'.</msg>
<status status="PASS" starttime="20220926 09:24:57.979" endtime="20220926 09:24:57.985"></status>
</kw>
<kw name="Element Should Be Visible" library="SeleniumLibrary">
<doc>Verifies that the element identified by ``locator`` is visible.</doc>
<arguments>
<arg>${pruefen}</arg>
<arg>timeout=30</arg>
</arguments>
<msg timestamp="20220926 09:24:58.002" level="INFO">Element 'id:mat-input-1' is displayed.</msg>
<status status="PASS" starttime="20220926 09:24:57.985" endtime="20220926 09:24:58.002"></status>
</kw>
<kw name="Sleep" library="BuiltIn">
<doc>Pauses the test executed for the given time.</doc>
<arguments>
<arg>30</arg>
</arguments>
<msg timestamp="20220926 09:25:28.018" level="INFO">Slept 30 seconds</msg>
<status status="PASS" starttime="20220926 09:24:58.003" endtime="20220926 09:25:28.018"></status>
</kw>
<status status="PASS" starttime="20220926 09:24:55.931" endtime="20220926 09:25:28.019"></status>
</kw>
<kw name="Sleep" library="BuiltIn">
<doc>Pauses the test executed for the given time.</doc>
<arguments>
<arg>5</arg>
</arguments>
<msg timestamp="20220926 09:25:33.027" level="INFO">Slept 5 seconds</msg>
<status status="PASS" starttime="20220926 09:25:28.020" endtime="20220926 09:25:33.027"></status>
</kw>
<kw name="Click Element" library="SeleniumLibrary">
<doc>Click the element identified by ``locator``.</doc>
<arguments>
<arg>${EditPatient}</arg>
</arguments>
<msg timestamp="20220926 09:25:33.028" level="INFO">Clicking element 'xpath:1'.</msg>
<msg timestamp="20220926 09:25:53.857" level="WARN">Keyword 'Capture Page Screenshot' could not be run on failure: Message: chrome not reachable
  (Session info: chrome=105.0.5195.127)
Stacktrace:
Backtrace:
	Ordinal0 [0x00E1DF13+2219795]
	Ordinal0 [0x00DB2841+1779777]
	Ordinal0 [0x00CC4100+803072]
	Ordinal0 [0x00CB9BF2+760818]
	Ordinal0 [0x00CACD35+707893]
	Ordinal0 [0x00CB1122+725282]
	Ordinal0 [0x00CB5699+743065]
	Ordinal0 [0x00CC5610+808464]
	Ordinal0 [0x00D1E93A+1173818]
	Ordinal0 [0x00D0E616+1107478]
	Ordinal0 [0x00CE7F89+950153]
	Ordinal0 [0x00CE8F56+954198]
	GetHandleVerifier [0x01112CB2+3040210]
	GetHandleVerifier [0x01102BB4+2974420]
	GetHandleVerifier [0x00EB6A0A+565546]
	GetHandleVerifier [0x00EB5680+560544]
	Ordinal0 [0x00DB9A5C+1808988]
	Ordinal0 [0x00DBE3A8+1827752]
	Ordinal0 [0x00DBE495+1827989]
	Ordinal0 [0x00DC80A4+1867940]
	BaseThreadInitThunk [0x7626FA29+25]
	RtlGetAppContainerNamedObjectPath [0x76F77B5E+286]
	RtlGetAppContainerNamedObjectPath [0x76F77B2E+238]
</msg>
<msg timestamp="20220926 09:25:53.861" level="FAIL">WebDriverException: Message: chrome not reachable
  (Session info: chrome=105.0.5195.127)
Stacktrace:
Backtrace:
	Ordinal0 [0x00E1DF13+2219795]
	Ordinal0 [0x00DB2841+1779777]
	Ordinal0 [0x00CC4100+803072]
	Ordinal0 [0x00CB9BF2+760818]
	Ordinal0 [0x00CACD35+707893]
	Ordinal0 [0x00CB1122+725282]
	Ordinal0 [0x00CB5699+743065]
	Ordinal0 [0x00CC5610+808464]
	Ordinal0 [0x00D1E93A+1173818]
	Ordinal0 [0x00D0E616+1107478]
	Ordinal0 [0x00CE7F89+950153]
	Ordinal0 [0x00CE8F56+954198]
	GetHandleVerifier [0x01112CB2+3040210]
	GetHandleVerifier [0x01102BB4+2974420]
	GetHandleVerifier [0x00EB6A0A+565546]
	GetHandleVerifier [0x00EB5680+560544]
	Ordinal0 [0x00DB9A5C+1808988]
	Ordinal0 [0x00DBE3A8+1827752]
	Ordinal0 [0x00DBE495+1827989]
	Ordinal0 [0x00DC80A4+1867940]
	BaseThreadInitThunk [0x7626FA29+25]
	RtlGetAppContainerNamedObjectPath [0x76F77B5E+286]
	RtlGetAppContainerNamedObjectPath [0x76F77B2E+238]
</msg>
<status status="FAIL" starttime="20220926 09:25:33.028" endtime="20220926 09:25:53.861"></status>
</kw>
<kw name="Close My Browser" library="Keywords" type="teardown">
<kw name="Close Browser" library="SeleniumLibrary">
<doc>Closes the current browser.</doc>
<status status="PASS" starttime="20220926 09:25:53.862" endtime="20220926 09:25:55.898"></status>
</kw>
<status status="PASS" starttime="20220926 09:25:53.862" endtime="20220926 09:25:55.899"></status>
</kw>
<doc>First Test for LAP in IRIS Project</doc>
<tags>
<tag>Login</tag>
</tags>
<status status="FAIL" starttime="20220926 09:24:55.930" endtime="20220926 09:25:55.899" critical="yes">WebDriverException: Message: chrome not reachable
  (Session info: chrome=105.0.5195.127)
Stacktrace:
Backtrace:
	Ordinal0 [0x00E1DF13+2219795]
	Ordinal0 [0x00DB2841+1779777]
	Ordinal0 [0x00CC4100+803072]
	Ordinal0 [0x00CB9BF2+760818]
	Ordinal0 [0x00CACD35+707893]
	Ordinal0 [0x00CB1122+725282]
	Ordinal0 [0x00CB5699+743065]
	Ordinal0 [0x00CC5610+808464]
	Ordinal0 [0x00D1E93A+1173818]
	Ordinal0 [0x00D0E616+1107478]
	Ordinal0 [0x00CE7F89+950153]
	Ordinal0 [0x00CE8F56+954198]
	GetHandleVerifier [0x01112CB2+3040210]
	GetHandleVerifier [0x01102BB4+2974420]
	GetHandleVerifier [0x00EB6A0A+565546]
	GetHandleVerifier [0x00EB5680+560544]
	Ordinal0 [0x00DB9A5C+1808988]
	Ordinal0 [0x00DBE3A8+1827752]
	Ordinal0 [0x00DBE495+1827989]
	Ordinal0 [0x00DC80A4+1867940]
	BaseThreadInitThunk [0x7626FA29+25]
	RtlGetAppContainerNamedObjectPath [0x76F77B5E+286]
	RtlGetAppContainerNamedObjectPath [0x76F77B2E+238]
</status>
</test>
<status status="FAIL" starttime="20220926 09:24:55.746" endtime="20220926 09:25:55.906"></status>
</suite>
<statistics>
<total>
<stat pass="0" fail="1">Critical Tests</stat>
<stat pass="0" fail="1">All Tests</stat>
</total>
<tag>
<stat pass="0" fail="1">Login</stat>
</tag>
<suite>
<stat pass="0" fail="1" id="s1" name="TC-002-EditPatient">TC-002-EditPatient</stat>
</suite>
</statistics>
<errors>
<msg timestamp="20220926 09:25:53.857" level="WARN">Keyword 'Capture Page Screenshot' could not be run on failure: Message: chrome not reachable
  (Session info: chrome=105.0.5195.127)
Stacktrace:
Backtrace:
	Ordinal0 [0x00E1DF13+2219795]
	Ordinal0 [0x00DB2841+1779777]
	Ordinal0 [0x00CC4100+803072]
	Ordinal0 [0x00CB9BF2+760818]
	Ordinal0 [0x00CACD35+707893]
	Ordinal0 [0x00CB1122+725282]
	Ordinal0 [0x00CB5699+743065]
	Ordinal0 [0x00CC5610+808464]
	Ordinal0 [0x00D1E93A+1173818]
	Ordinal0 [0x00D0E616+1107478]
	Ordinal0 [0x00CE7F89+950153]
	Ordinal0 [0x00CE8F56+954198]
	GetHandleVerifier [0x01112CB2+3040210]
	GetHandleVerifier [0x01102BB4+2974420]
	GetHandleVerifier [0x00EB6A0A+565546]
	GetHandleVerifier [0x00EB5680+560544]
	Ordinal0 [0x00DB9A5C+1808988]
	Ordinal0 [0x00DBE3A8+1827752]
	Ordinal0 [0x00DBE495+1827989]
	Ordinal0 [0x00DC80A4+1867940]
	BaseThreadInitThunk [0x7626FA29+25]
	RtlGetAppContainerNamedObjectPath [0x76F77B5E+286]
	RtlGetAppContainerNamedObjectPath [0x76F77B2E+238]
</msg>
</errors>
</robot>
